<?xml version="1.0" encoding="UTF-8"?>
<!-- Generated by org.testng.reporters.JUnitXMLReporter -->
<testsuite hostname="DESKTOP-CD0VV7U" ignored="0" name="Default test" tests="18" failures="0" timestamp="12 Nov 2017 18:46:50 GMT" time="37.1" errors="0">
  <testcase name="testDateOFBirthFieldWithEmpty" time="2.914" classname="tests.TestRegisterFeature"/>
  <testcase name="testDateOFBirthFieldWithInValidDateOfBirth" time="3.088" classname="tests.TestRegisterFeature"/>
  <testcase name="testDateOFBirthFieldWithValidDateOfBirth" time="1.901" classname="tests.TestRegisterFeature"/>
  <testcase name="testFirstNameFieldWithCombinationOfStringAndInteger" time="1.922" classname="tests.TestRegisterFeature"/>
  <testcase name="testFirstNameFieldWithOneChar" time="2.069" classname="tests.TestRegisterFeature"/>
  <testcase name="testFirstNameFieldWithThirtyChar" time="2.48" classname="tests.TestRegisterFeature"/>
  <testcase name="testFirstNameFieldWithThirtyOneChar" time="2.141" classname="tests.TestRegisterFeature"/>
  <testcase name="testFirstNameFieldWithTwoChar" time="3.144" classname="tests.TestRegisterFeature"/>
  <testcase name="testGenderDropdownWithOutSelectOption" time="1.769" classname="tests.TestRegisterFeature"/>
  <testcase name="testLastNameFieldWithCombinationOfStringAndInteger" time="1.514" classname="tests.TestRegisterFeature"/>
  <testcase name="testLastNameFieldWithOneChar" time="1.618" classname="tests.TestRegisterFeature"/>
  <testcase name="testLastNameFieldWithThirtyChar" time="1.245" classname="tests.TestRegisterFeature"/>
  <testcase name="testLastNameFieldWithThirtyOneChar" time="1.552" classname="tests.TestRegisterFeature"/>
  <testcase name="testLastNameFieldWithTwoChar" time="1.482" classname="tests.TestRegisterFeature"/>
  <testcase name="testPhoneNoFieldWithEmpty" time="2.197" classname="tests.TestRegisterFeature"/>
  <testcase name="testPhoneNoFieldWithInvalidNumber" time="1.46" classname="tests.TestRegisterFeature"/>
  <testcase name="testPhoneNoFieldWithValidNumber" time="1.32" classname="tests.TestRegisterFeature"/>
  <testcase name="testGenderDropdownWithRandomOption" time="2.613" classname="tests.TestRegisterFeature"/>
</testsuite> <!-- Default test -->
