<?xml version="1.0" encoding="UTF-8"?>
<!-- Generated by org.testng.reporters.JUnitXMLReporter -->
<testsuite hostname="DESKTOP-CD0VV7U" ignored="2" name="Regression Test" tests="14" failures="0" timestamp="05 Nov 2017 23:28:12 GMT" time="34.099" errors="0">
  <testcase name="testFirstNameFieldWithCombinationOfStringAndInteger" time="3.076" classname="tests.TestRegisterFeature"/>
  <testcase name="testFirstNameFieldWithOneChar" time="2.015" classname="tests.TestRegisterFeature"/>
  <testcase name="testFirstNameFieldWithThirtyChar" time="1.675" classname="tests.TestRegisterFeature"/>
  <testcase name="testFirstNameFieldWithThirtyOneChar" time="1.67" classname="tests.TestRegisterFeature"/>
  <testcase name="testFirstNameFieldWithTwoChar" time="1.716" classname="tests.TestRegisterFeature"/>
  <testcase name="testLastNameFieldWithCombinationOfStringAndInteger" time="1.222" classname="tests.TestRegisterFeature"/>
  <testcase name="testLastNameFieldWithOneChar" time="1.912" classname="tests.TestRegisterFeature"/>
  <testcase name="testLastNameFieldWithThirtyChar" time="1.727" classname="tests.TestRegisterFeature"/>
  <testcase name="testLastNameFieldWithThirtyOneChar" time="1.704" classname="tests.TestRegisterFeature"/>
  <testcase name="testLastNameFieldWithTwoChar" time="1.634" classname="tests.TestRegisterFeature"/>
  <testcase name="testSignInWithInvalidEmailAndInvalidPassword" time="4.171" classname="tests.TestSignInFeature"/>
  <testcase name="testSignInWithInvalidEmailAndValidPassword" time="2.315" classname="tests.TestSignInFeature"/>
  <testcase name="testSignInWithValidCredential" time="3.523" classname="tests.TestSignInFeature"/>
  <testcase name="testSignInWithValidEmailAndInvalidPassword" time="3.572" classname="tests.TestSignInFeature"/>
  <testcase name="@BeforeSuite setup" time="0.0" classname="base.TestBase">
    <ignored/>
  </testcase> <!-- @BeforeSuite setup -->
  <testcase name="@AfterSuite tearDown" time="0.0" classname="base.TestBase">
    <ignored/>
  </testcase> <!-- @AfterSuite tearDown -->
</testsuite> <!-- Regression Test -->
